19:01:53.428  9  INFO UserController GetUserByEmail: qwe@qwe.pl | 
19:01:58.429 13  INFO UserController GetUserAuthByUserId: 3 | 
19:01:58.749 12  INFO WoundController GetMyWoundAppointments userId: 3 | 
19:02:26.608 12  INFO UserController GetUserByEmail: doc2@o2.pl | 
19:02:26.640 12  INFO UserController GetUserAuthByUserId: 6 | 
19:02:26.697 18  INFO AppointmentController GetMyAppointmentsDoc doctorId: 6 | 
19:02:30.574 19  INFO AppointmentController GetMyAppointments patientId: 3 | 
19:02:32.505 19  INFO AppointmentController GetAppointmentSummary appointmentId: 1013 | 
19:02:36.712 20  INFO AppointmentController GetMyAppointments patientId: 3 | 
19:02:47.647 15  INFO AppointmentController GetAppointmentSummary appointmentId: 1008 | 
19:02:48.504 15  INFO AppointmentController GetAppointmentNote appointmentId: 1008 | 
19:03:02.542 15  INFO AppointmentController GetMyAppointmentsDoc doctorId: 6 | 
19:03:07.287 23  INFO AppointmentController GetAppointmentSummary appointmentId: 1011 | 
19:03:09.637 18  INFO AppointmentController GetMyAppointments patientId: 3 | 
19:03:13.147 18  INFO AppointmentController GetAppointmentSummary appointmentId: 1011 | 
19:03:19.488 23  INFO ChatController GetChats userId: 6, isPatient: False | 
19:03:19.556 19  INFO ChatController GetChatMessages chatId: 1 | 
19:03:21.080 16  INFO ChatController GetChats userId: 3, isPatient: True | 
19:03:21.110 16  INFO ChatController GetChatMessages chatId: 1 | 
19:03:32.815 15  INFO ChatController chat message: {"ChatId":1,"PatientId":3,"DoctorId":6,"PatientName":"Jan Kowalski","DoctorName":"Doctor2 Doctor2","Message":"test","MessageDate":"2022-01-31T18:03:32.382Z","IsPatientMessage":true} | 
19:03:33.333 15  INFO SaveMessageRequestHandler chat message created id: 14 | 
19:03:40.263 15  INFO ChatController chat message: {"ChatId":1,"PatientId":3,"DoctorId":6,"PatientName":"Jan Kowalski","DoctorName":"Doctor2 Doctor2","Message":"hdhdhdhdhd","MessageDate":"2022-01-31T18:03:40.224Z","IsPatientMessage":false} | 
19:03:40.288 22  INFO SaveMessageRequestHandler chat message created id: 15 | 
19:03:43.681 20  INFO ChatController GetChatMessages chatId: 1 | 
19:03:44.645 20  INFO ChatController GetChatMessages chatId: 2 | 
19:03:45.724 18  INFO ChatController GetChatMessages chatId: 1 | 
19:03:46.715 20  INFO ChatController GetChatMessages chatId: 2 | 
19:03:47.131 23  INFO ChatController GetChatMessages chatId: 1 | 
19:03:52.468 22  INFO AppointmentController GetAppointmentSummary appointmentId: 1011 | 
19:03:54.680 20  INFO AppointmentController GetAppointmentSummary appointmentId: 1011 | 
19:04:59.607 23  INFO AppointmentController GetAppointmentSummary appointmentId: 1011 | 
19:05:02.700 33  INFO WoundController GetWoundDetails woundId: 3 | 
19:05:02.845 33  INFO WoundController GetWoundPhotoDetails: 3 | 
19:05:04.294 34  INFO AppointmentController GetAppointmentSummary appointmentId: 1011 | 
19:05:18.979 33  INFO UserController GetUserByEmail: doc2@o2.pl | 
19:05:18.997 33  INFO UserController GetUserAuthByUserId: 6 | 
19:05:19.038 34  INFO AppointmentController GetMyAppointmentsDoc doctorId: 6 | 
19:05:28.442 33  INFO AppointmentController GetMyAppointmentsDoc doctorId: 6 | 
19:05:30.233 34  INFO AppointmentController GetMyAppointmentsDoc doctorId: 6 | 
19:08:01.465 39  INFO AppointmentController GetMyAppointments patientId: 3 | 
19:08:05.167 45  INFO WoundController GetMyWoundAppointments userId: 3 | 
19:08:06.823 47  INFO UserController GetUserByEmail: qwe@qwe.pl | 
19:08:06.842 47  INFO MedicalDataController GetMedicalData: 3 | 
19:08:10.222 46  INFO WoundController GetMyWoundAppointments userId: 3 | 
19:08:11.266 39  INFO WoundController GetMyWounds userId: 3 | 
19:08:15.454 46  INFO WoundController GetMyWoundAppointments userId: 3 | 
19:08:19.189 48  INFO AppointmentController GetMyAppointments patientId: 3 | 
19:08:22.316 49  INFO WoundController GetMyWoundAppointments userId: 3 | 
19:08:23.611 48  INFO AppointmentController GetMyAppointments patientId: 3 | 
19:08:26.036 48  INFO WoundController GetMyWoundAppointments userId: 3 | 
19:08:34.784 48  INFO AppointmentController GetMyAppointments patientId: 3 | 
19:08:36.647 49  INFO AppointmentController GetAppointmentSummary appointmentId: 1013 | 
19:08:39.020 48  INFO WoundController GetWoundDetails woundId: 1016 | 
19:08:39.062 48  INFO WoundController GetWoundPhotoDetails: 1016 | 
19:09:09.094 54  INFO WoundController UploadWoundPhoto woundId: 1016, filename: photo1.PNG | 
19:09:09.094 54  INFO WoundController files count: 1, filename: photo1.PNG | 
19:09:09.117 48  INFO WoundRequestHandler fileName: photo1.PNG | 
19:09:09.117 48  INFO WoundRequestHandler fileExtension: .PNG | 
19:09:09.117 48  INFO WoundRequestHandler newFileName: 03abfb3c-0c7f-4262-8681-80bcba8a1284.PNG | 
19:09:09.188 52  INFO WoundRequestHandler Wound photo uploaded for id: 1016 | 
19:09:09.621 56  INFO WoundController UploadWoundPhoto woundId: 1016, filename: photo1.PNG | 
19:09:09.621 56  INFO WoundController files count: 1, filename: photo1.PNG | 
19:09:09.621 56  INFO WoundRequestHandler fileName: photo1.PNG | 
19:09:09.621 56  INFO WoundRequestHandler fileExtension: .PNG | 
19:09:09.621 56  INFO WoundRequestHandler newFileName: 10ef3da5-f8a0-4432-989f-045c75bca0f6.PNG | 
19:09:09.641 48  INFO WoundRequestHandler Wound photo uploaded for id: 1016 | 
19:09:31.603 57  INFO UserController GetUserByEmail: qwe@qwe.pl | 
19:09:31.612 57  INFO UserController GetUserAuthByUserId: 3 | 
19:09:31.652 56  INFO WoundController GetMyWoundAppointments userId: 3 | 
19:09:33.891 56  INFO WoundController GetMyWounds userId: 3 | 
19:09:36.743 60  INFO WoundController GetMyWoundAppointments userId: 3 | 
19:09:37.704 59  INFO AppointmentController GetMyAppointments patientId: 3 | 
19:09:40.483 57  INFO AppointmentController GetAppointmentSummary appointmentId: 1013 | 
19:09:43.009 57  INFO WoundController GetWoundDetails woundId: 1016 | 
19:09:43.054 60  INFO WoundController GetWoundPhotoDetails: 1016 | 
19:09:52.069 59  INFO WoundController UploadWoundPhoto woundId: 1016, filename: photo1.PNG | 
19:09:52.069 59  INFO WoundController files count: 1, filename: photo1.PNG | 
19:09:52.069 60  INFO WoundRequestHandler fileName: photo1.PNG | 
19:09:52.069 60  INFO WoundRequestHandler fileExtension: .PNG | 
19:09:52.069 60  INFO WoundRequestHandler newFileName: a82caa17-5b49-4674-ad7b-a3cb2283d2ad.PNG | 
19:09:52.099 61  INFO WoundRequestHandler Wound photo uploaded for id: 1016 | 
19:09:55.072 57  INFO AppointmentController GetAppointmentSummary appointmentId: 1013 | 
19:09:56.739 57  INFO WoundController GetWoundDetails woundId: 1016 | 
19:09:56.767 61  INFO WoundController GetWoundPhotoDetails: 1016 | 
19:10:13.763 57  INFO AppointmentController GetAppointmentSummary appointmentId: 1013 | 
19:10:15.327 60  INFO UserController GetUserByEmail: qwe@qwe.pl | 
19:10:15.337 60  INFO MedicalDataController GetMedicalData: 3 | 
19:10:23.172 61  INFO AppointmentController GetAppointmentSummary appointmentId: 1013 | 
19:10:24.357 64  INFO WoundController GetMyWounds userId: 3 | 
19:10:27.393 57  INFO AppointmentController GetAppointmentSummary appointmentId: 1013 | 
19:10:27.971 57  INFO AppointmentController GetMyAppointments patientId: 3 | 
19:10:28.580 57  INFO WoundController GetMyWoundAppointments userId: 3 | 
19:10:29.691 59  INFO WoundController GetMyWounds userId: 3 | 
19:10:31.245 59  INFO WoundController GetMyWoundAppointments userId: 3 | 
19:10:32.407 57  INFO WoundTypesController GetWoundTypes | 
19:10:32.545 57  INFO WoundTypesController GetWoundLocations | 
19:10:32.596 57  INFO WoundTypesController GetWoundSizes | 
19:10:32.638 64  INFO WoundTypesController GetWoundColors | 
19:10:32.678 64  INFO WoundTypesController GetWoundOdors | 
19:10:32.720 61  INFO WoundTypesController GetWoundExudates | 
19:10:32.766 61  INFO WoundTypesController GetWoundBleedings | 
19:10:32.818 60  INFO WoundTypesController GetSurroundingSkins | 
19:10:32.887 56  INFO WoundTypesController GetPainTypes | 
19:10:32.954 64  INFO WoundTypesController GetPainLevels | 
19:10:33.411 64  INFO WoundController GetMyWoundAppointments userId: 3 | 
19:10:34.383 60  INFO ChatController GetChats userId: 3, isPatient: True | 
19:10:34.428 60  INFO ChatController GetChatMessages chatId: 1 | 
19:10:36.772 64  INFO WoundController GetMyWoundAppointments userId: 3 | 
19:10:48.926 59  INFO AppointmentController GetMyAppointmentsDoc doctorId: 6 | 
19:10:50.218 64  INFO AppointmentController GetMyAppointmentsDoc doctorId: 6 | 
19:10:56.833 56  INFO AppointmentController GetMyAppointmentsDoc doctorId: 6 | 
19:11:00.953 57  INFO AppointmentController GetMyAppointmentsDoc doctorId: 6 | 
19:11:01.562 57  INFO AppointmentController GetMyAppointmentsDoc doctorId: 6 | 
19:11:03.589 57  INFO AppointmentController GetMyAppointmentsDoc doctorId: 6 | 
19:11:04.619 57  INFO ChatController GetChats userId: 6, isPatient: False | 
19:11:04.646 56  INFO ChatController GetChatMessages chatId: 1 | 
19:11:06.226 56  INFO AppointmentController GetMyAppointmentsDoc doctorId: 6 | 
19:11:07.489 57  INFO AppointmentController GetMyAppointmentsDoc doctorId: 6 | 
19:11:08.633 60  INFO AppointmentController GetAppointmentSummary appointmentId: 1011 | 
19:11:09.599 60  INFO AppointmentController GetAppointmentNote appointmentId: 1011 | 
19:11:12.276 66  INFO UserController GetUserByEmail: doc2@o2.pl | 
19:11:12.286 56  INFO MedicalDataController GetMedicalData: 6 | 
19:11:12.286 56 ERROR MedicalDataQueryHandler medical data for userId: 6 not found! | 
19:11:12.323 56 ERROR MedicalDataQueryHandler GetMyMedicalDataQuery error: System.Exception: medical data not found!
   at WoundHealingWebApi.Handlers.MedicalDataQueryHandler.Handle(GetMyMedicalDataQuery request, CancellationToken cancellationToken) in C:\Tugba\WoundHealingApp\WoundHealingWebApi\WoundHealingWebApi\Handlers\MedicalDataQueryHandler.cs:line 43 | 
19:11:16.059 57  INFO AppointmentController GetAppointmentSummary appointmentId: 1011 | 
19:11:16.958 67  INFO WoundController GetWoundDetails woundId: 3 | 
19:11:16.992 57  INFO WoundController GetWoundPhotoDetails: 3 | 
19:11:19.506 67  INFO AppointmentController GetAppointmentSummary appointmentId: 1011 | 
19:11:22.571 57  INFO AppointmentController GetMyAppointmentsDoc doctorId: 6 | 
19:11:23.247 67  INFO AppointmentController GetMyAppointmentsDoc doctorId: 6 | 
19:15:21.935 80  INFO AppointmentController GetMyAppointmentsDoc doctorId: 6 | 
19:15:22.959 83  INFO AppointmentController GetAppointmentSummary appointmentId: 1011 | 
19:16:45.084 81  INFO UserController GetUserByEmail: doc2@o2.pl | 
19:16:45.096 89  INFO UserController GetUserAuthByUserId: 6 | 
19:16:45.128 89  INFO AppointmentController GetMyAppointmentsDoc doctorId: 6 | 
19:16:52.881 89  INFO AppointmentController GetMyAppointmentsDoc doctorId: 6 | 
19:16:54.055 83  INFO AppointmentController GetAppointmentSummary appointmentId: 1011 | 
19:17:37.353 91  INFO UserController GetUserByEmail: doc2@o2.pl | 
19:17:37.364 91  INFO UserController GetUserAuthByUserId: 6 | 
19:17:37.395 94  INFO AppointmentController GetMyAppointmentsDoc doctorId: 6 | 
19:17:42.487 93  INFO AppointmentController GetMyAppointmentsDoc doctorId: 6 | 
19:25:10.924 108  INFO UserController GetUserByEmail: doc2@o2.pl | 
19:25:10.935 108  INFO UserController GetUserAuthByUserId: 6 | 
19:25:10.970 108  INFO AppointmentController GetMyAppointmentsDoc doctorId: 6 | 
19:25:35.765 111  INFO UserController GetUserByEmail: qwe@qwe.pl | 
19:25:35.773 107  INFO UserController GetUserAuthByUserId: 3 | 
19:25:35.812 115  INFO WoundController GetMyWoundAppointments userId: 3 | 
19:25:36.955 115  INFO ChatController GetChats userId: 3, isPatient: True | 
19:25:36.982 111  INFO ChatController GetChatMessages chatId: 1 | 
19:25:37.876 108  INFO ChatController GetChatMessages chatId: 2 | 
19:25:38.350 107  INFO ChatController GetChatMessages chatId: 1 | 
19:25:44.193 115  INFO ChatController chat message: {"ChatId":1,"PatientId":3,"DoctorId":6,"PatientName":"Jan Kowalski","DoctorName":"Doctor2 Doctor2","Message":"hi","MessageDate":"2022-01-31T18:25:44.187Z","IsPatientMessage":true} | 
19:25:44.193 115  INFO SaveMessageRequestHandler chat message created id: 16 | 
19:25:46.413 111  INFO ChatController GetChats userId: 6, isPatient: False | 
19:25:46.461 116  INFO ChatController GetChatMessages chatId: 1 | 
19:25:50.020 111  INFO AppointmentController GetMyAppointmentsDoc doctorId: 6 | 
19:50:08.861 159  INFO UserController GetUserByEmail: qwe@qwe.pl | 
19:50:08.879 166  INFO UserController GetUserAuthByUserId: 3 | 
19:50:08.904 159  INFO WoundController GetMyWoundAppointments userId: 3 | 
19:50:26.270 166  INFO UserController GetUserByEmail: qwe@qwe.pl | 
19:50:26.270 166  INFO MedicalDataController GetMedicalData: 3 | 
19:50:33.100 165  INFO MedicalDataController SaveMedicalData request: {"UserId":3,"ChronicDiseases":"test slcslcslcslcllv,dvdvlxp","Allergies":"stupid p","Medication":"none","Pregnancy":true,"Tobacco":true,"Alcohol":true,"Drugs":false} | 
19:50:33.182 165  INFO MedicalDataRequestHandler Medical data updated: WoundHealingDb.Models.MedicalData | 
19:50:36.468 165  INFO WoundController GetMyWoundAppointments userId: 3 | 
19:50:38.781 166  INFO WoundTypesController GetWoundTypes | 
19:50:38.863 165  INFO WoundTypesController GetWoundLocations | 
19:50:38.921 163  INFO WoundTypesController GetWoundSizes | 
19:50:38.955 168  INFO WoundTypesController GetWoundColors | 
19:50:38.973 163  INFO WoundTypesController GetWoundOdors | 
19:50:38.990 161  INFO WoundTypesController GetWoundExudates | 
19:50:39.016 163  INFO WoundTypesController GetWoundBleedings | 
19:50:39.031 161  INFO WoundTypesController GetSurroundingSkins | 
19:50:39.045 161  INFO WoundTypesController GetPainTypes | 
19:50:39.060 161  INFO WoundTypesController GetPainLevels | 
19:50:41.171 161  INFO WoundController GetMyWoundAppointments userId: 3 | 
19:50:42.910 161  INFO WoundController GetMyWounds userId: 3 | 
19:50:46.070 169  INFO WoundController DeleteWound id: 20 | 
19:50:46.122 159  INFO WoundRequestHandler Wound deleted id: 20 | 
19:50:46.128 159  INFO WoundController GetMyWounds userId: 3 | 
19:50:49.150 159  INFO WoundController GetMyWoundAppointments userId: 3 | 
19:50:50.175 164  INFO AppointmentController GetMyAppointments patientId: 3 | 
19:50:53.826 159  INFO AppointmentController GetAppointmentSummary appointmentId: 1013 | 
19:51:07.457 168  INFO WoundController GetWoundDetails woundId: 1016 | 
19:51:07.519 166  INFO WoundController GetWoundPhotoDetails: 1016 | 
19:51:22.574 172  INFO AppointmentController GetAppointmentSummary appointmentId: 1013 | 
19:51:23.985 172  INFO AppointmentController GetAppointmentNote appointmentId: 1013 | 
19:51:31.964 172  INFO ChatController GetChats userId: 3, isPatient: True | 
19:51:31.992 172  INFO ChatController GetChatMessages chatId: 1 | 
19:51:53.433 159  INFO ChatController chat message: {"ChatId":1,"PatientId":3,"DoctorId":6,"PatientName":"Jan Kowalski","DoctorName":"Doctor2 Doctor2","Message":"whatevet\n","MessageDate":"2022-01-31T18:51:53.425Z","IsPatientMessage":true} | 
19:51:53.455 168  INFO SaveMessageRequestHandler chat message created id: 17 | 
19:51:56.107 172  INFO AppointmentController GetAppointmentSummary appointmentId: 1013 | 
19:51:58.495 176  INFO WoundController GetMyWounds userId: 3 | 
19:52:01.080 159  INFO AppointmentController GetAppointmentSummary appointmentId: 1013 | 
19:52:05.299 168  INFO UserController GetUserByEmail: qwe@qwe.pl | 
19:52:05.307 159  INFO MedicalDataController GetMedicalData: 3 | 
19:52:11.649 172  INFO AppointmentController GetAppointmentSummary appointmentId: 1013 | 
19:52:12.259 172  INFO AppointmentController GetMyAppointments patientId: 3 | 
19:52:13.192 176  INFO WoundController GetMyWoundAppointments userId: 3 | 
19:53:16.950 182  INFO AppointmentController GetMyAppointmentsDoc doctorId: 6 | 
19:53:20.131 181  INFO AppointmentController GetMyAppointmentsDoc doctorId: 6 | 
19:53:21.296 168  INFO AppointmentController GetAppointmentSummary appointmentId: 1011 | 
19:53:22.200 168  INFO AppointmentController GetAppointmentNote appointmentId: 1011 | 
19:53:26.643 181  INFO AppointmentController SaveAppointmentNote request: WoundHealingWebApi.DTOs.AppointmentNoteDto | 
19:53:27.510 181  INFO AppointmentController GetAppointmentNote appointmentId: 1011 | 
19:53:29.821 179  INFO UserController GetUserByEmail: doc2@o2.pl | 
19:53:29.838 179  INFO MedicalDataController GetMedicalData: 6 | 
19:53:29.848 179 ERROR MedicalDataQueryHandler medical data for userId: 6 not found! | 
19:53:29.848 179 ERROR MedicalDataQueryHandler GetMyMedicalDataQuery error: System.Exception: medical data not found!
   at WoundHealingWebApi.Handlers.MedicalDataQueryHandler.Handle(GetMyMedicalDataQuery request, CancellationToken cancellationToken) in C:\Tugba\WoundHealingApp\WoundHealingWebApi\WoundHealingWebApi\Handlers\MedicalDataQueryHandler.cs:line 43 | 
19:53:33.710 177  INFO AppointmentController GetAppointmentSummary appointmentId: 1011 | 
19:53:34.530 177  INFO WoundController GetWoundDetails woundId: 3 | 
19:53:34.560 187  INFO WoundController GetWoundPhotoDetails: 3 | 
19:53:39.274 185  INFO AppointmentController GetAppointmentSummary appointmentId: 1011 | 
19:54:15.180 186  INFO AppointmentController GetAppointmentSummary appointmentId: 1011 | 
19:54:17.021 186  INFO AppointmentController GetMyAppointmentsDoc doctorId: 6 | 
19:54:17.867 176  INFO AppointmentController GetMyAppointmentsDoc doctorId: 6 | 
